<?xml version="1.0" encoding="UTF-8" ?>
<testsuite tests="32" failures="2" name="step_definitions.RunCukesTest" time="6.995" errors="0" skipped="0">
  <properties>
[...]
</properties>
  <testcase classname="Scenario: Normal Login" name="Given user open the web page" time="0.009"/>
  <testcase classname="Scenario: Normal Login" name="When User input &quot;standard_user&quot; as username and &quot;secret_sauce&quot; as password" time="0"/>
  <testcase classname="Scenario: Normal Login" name="Then user see dashboard" time="0"/>
  <testcase classname="Scenario: Normal Login" name="Scenario: Normal Login" time="1.294"/>
  <testcase classname="| asd | password | Epic sadface: Username and password do not match any user in this service |" name="Given user open the web page" time="0"/>
  <testcase classname="| asd | password | Epic sadface: Username and password do not match any user in this service |" name="When User input &quot;asd&quot; as username and &quot;password&quot; as password" time="0"/>
  <testcase classname="| asd | password | Epic sadface: Username and password do not match any user in this service |" name="Then User see error &quot;Epic sadface: Username and password do not match any user in this service&quot; on login page" time="0"/>
  <testcase classname="| asd | password | Epic sadface: Username and password do not match any user in this service |" name="| asd | password | Epic sadface: Username and password do not match any user in this service |" time="1.203"/>
  <testcase classname="| standard_user |  | Epic sadface: Password is required |" name="Given user open the web page" time="0"/>
  <testcase classname="| standard_user |  | Epic sadface: Password is required |" name="When User input &quot;standard_user&quot; as username and &quot;&quot; as password" time="0"/>
  <testcase classname="| standard_user |  | Epic sadface: Password is required |" name="Then User see error &quot;Epic sadface: Password is required&quot; on login page" time="0"/>
  <testcase classname="| standard_user |  | Epic sadface: Password is required |" name="| standard_user |  | Epic sadface: Password is required |" time="0.965"/>
  <testcase classname="|  | password | Epic sadface: Username is requir |" name="Given user open the web page" time="0"/>
  <testcase classname="|  | password | Epic sadface: Username is requir |" name="When User input &quot;&quot; as username and &quot;password&quot; as password" time="0"/>
  <testcase classname="|  | password | Epic sadface: Username is requir |" name="Then User see error &quot;Epic sadface: Username is requir&quot; on login page" time="0.005">
    <failure message="expected:&lt;...: Username is requir[]&gt; but was:&lt;...: Username is requir[ed]&gt;" type="org.junit.ComparisonFailure">org.junit.ComparisonFailure: expected:&lt;...: Username is requir[]&gt; but was:&lt;...: Username is requir[ed]&gt;
	at org.junit.Assert.assertEquals(Assert.java:115)
	at org.junit.Assert.assertEquals(Assert.java:144)
	at step_definitions.LoginSteps.verifyErorMassage(LoginSteps.java:47)
	at ✽.Then User see error &quot;Epic sadface: Username is requir&quot; on login page(features/HomePage.feature:13)
</failure>
  </testcase>
  <testcase classname="|  | password | Epic sadface: Username is requir |" name="|  | password | Epic sadface: Username is requir |" time="0.006">
    <failure message="expected:&lt;...: Username is requir[]&gt; but was:&lt;...: Username is requir[ed]&gt;" type="org.junit.ComparisonFailure">org.junit.ComparisonFailure: expected:&lt;...: Username is requir[]&gt; but was:&lt;...: Username is requir[ed]&gt;
	at org.junit.Assert.assertEquals(Assert.java:115)
	at org.junit.Assert.assertEquals(Assert.java:144)
	at step_definitions.LoginSteps.verifyErorMassage(LoginSteps.java:47)
	at ✽.Then User see error &quot;Epic sadface: Username is requir&quot; on login page(features/HomePage.feature:13)
</failure>
  </testcase>
  <testcase classname="Scenario: Normal Login" name="Given user open the web page" time="0"/>
  <testcase classname="Scenario: Normal Login" name="When User input &quot;standard_user&quot; as username and &quot;secret_sauce&quot; as password" time="0"/>
  <testcase classname="Scenario: Normal Login" name="Then user see dashboard" time="0"/>
  <testcase classname="Scenario: Normal Login" name="Scenario: Normal Login" time="0.838"/>
  <testcase classname="| asd | password | Epic sadface: Username and password do not match any user in this service |" name="Given user open the web page" time="0"/>
  <testcase classname="| asd | password | Epic sadface: Username and password do not match any user in this service |" name="When User input &quot;asd&quot; as username and &quot;password&quot; as password" time="0"/>
  <testcase classname="| asd | password | Epic sadface: Username and password do not match any user in this service |" name="Then User see error &quot;Epic sadface: Username and password do not match any user in this service&quot; on login page" time="0"/>
  <testcase classname="| asd | password | Epic sadface: Username and password do not match any user in this service |" name="| asd | password | Epic sadface: Username and password do not match any user in this service |" time="0.834"/>
  <testcase classname="| standard_user |  | Epic sadface: Password is required |" name="Given user open the web page" time="0"/>
  <testcase classname="| standard_user |  | Epic sadface: Password is required |" name="When User input &quot;standard_user&quot; as username and &quot;&quot; as password" time="0"/>
  <testcase classname="| standard_user |  | Epic sadface: Password is required |" name="Then User see error &quot;Epic sadface: Password is required&quot; on login page" time="0"/>
  <testcase classname="| standard_user |  | Epic sadface: Password is required |" name="| standard_user |  | Epic sadface: Password is required |" time="0.858"/>
  <testcase classname="|  | password | Epic sadface: Username is required |" name="Given user open the web page" time="0"/>
  <testcase classname="|  | password | Epic sadface: Username is required |" name="When User input &quot;&quot; as username and &quot;password&quot; as password" time="0"/>
  <testcase classname="|  | password | Epic sadface: Username is required |" name="Then User see error &quot;Epic sadface: Username is required&quot; on login page" time="0"/>
  <testcase classname="|  | password | Epic sadface: Username is required |" name="|  | password | Epic sadface: Username is required |" time="0.983"/>
</testsuite>